<?xml version="1.0" encoding="UTF-8"?>
<!-- Generated by org.testng.reporters.JUnitXMLReporter -->
<testsuite ignored="0" hostname="DESKTOP-DJ4IH5F" failures="0" tests="3" name="Test Scenario for FanCode City Users" time="53.989" errors="0" timestamp="2024-10-10T15:50:48 IST">
  <testcase classname="testcases.UserTaskCompletionTest" name="testFanCodeUserTaskCompletion" time="7.015"/>
  <testcase classname="testcases.TodosAPITest" name="validateTodosForFanCodeUsers" time="46.367"/>
  <testcase classname="testcases.UserApiTest" name="validateUsersAPI" time="0.518"/>
</testsuite> <!-- Test Scenario for FanCode City Users -->
