<?xml version="1.0" encoding="UTF-8"?>
<testng-results ignored="0" total="3" passed="3" failed="0" skipped="0">
  <reporter-output>
  </reporter-output>
  <suite started-at="2024-10-10T15:49:52 IST" name="API Automation Suite" finished-at="2024-10-10T15:50:46 IST" duration-ms="53989">
    <groups>
    </groups>
    <test started-at="2024-10-10T15:49:52 IST" name="Test Scenario for FanCode City Users" finished-at="2024-10-10T15:50:46 IST" duration-ms="53989">
      <class name="testcases.UserTaskCompletionTest">
        <test-method is-config="true" signature="setup()[pri:0, instance:testcases.UserTaskCompletionTest@36916eb0]" started-at="2024-10-10T15:49:52 IST" name="setup" finished-at="2024-10-10T15:49:52 IST" duration-ms="15" status="PASS">
          <reporter-output>
          </reporter-output>
        </test-method> <!-- setup -->
        <test-method signature="testFanCodeUserTaskCompletion()[pri:0, instance:testcases.UserTaskCompletionTest@36916eb0]" started-at="2024-10-10T15:49:52 IST" name="testFanCodeUserTaskCompletion" finished-at="2024-10-10T15:49:59 IST" duration-ms="7015" status="PASS">
          <reporter-output>
          </reporter-output>
        </test-method> <!-- testFanCodeUserTaskCompletion -->
      </class> <!-- testcases.UserTaskCompletionTest -->
      <class name="testcases.UserApiTest">
        <test-method signature="validateUsersAPI()[pri:0, instance:testcases.UserApiTest@49049a04]" started-at="2024-10-10T15:50:45 IST" name="validateUsersAPI" finished-at="2024-10-10T15:50:46 IST" duration-ms="518" status="PASS">
          <reporter-output>
          </reporter-output>
        </test-method> <!-- validateUsersAPI -->
      </class> <!-- testcases.UserApiTest -->
      <class name="testcases.TodosAPITest">
        <test-method signature="validateTodosForFanCodeUsers()[pri:0, instance:testcases.TodosAPITest@6253c26]" started-at="2024-10-10T15:49:59 IST" name="validateTodosForFanCodeUsers" finished-at="2024-10-10T15:50:45 IST" duration-ms="46367" status="PASS">
          <reporter-output>
          </reporter-output>
        </test-method> <!-- validateTodosForFanCodeUsers -->
      </class> <!-- testcases.TodosAPITest -->
    </test> <!-- Test Scenario for FanCode City Users -->
  </suite> <!-- API Automation Suite -->
</testng-results>
